e:\learning projects\opencvstuff\opencvtutorials\opencvtutorials\x64\debug\vc140.pdb
e:\learning projects\opencvstuff\opencvtutorials\opencvtutorials\x64\debug\vc140.idb
e:\learning projects\opencvstuff\opencvtutorials\opencvtutorials\x64\debug\colordetector.obj
e:\learning projects\opencvstuff\opencvtutorials\opencvtutorials\x64\debug\colorhistogram.obj
e:\learning projects\opencvstuff\opencvtutorials\opencvtutorials\x64\debug\drawingonimage.obj
e:\learning projects\opencvstuff\opencvtutorials\opencvtutorials\x64\debug\histogram1d.obj
e:\learning projects\opencvstuff\opencvtutorials\opencvtutorials\x64\debug\lkdemo.obj
e:\learning projects\opencvstuff\opencvtutorials\opencvtutorials\x64\debug\source.obj
e:\learning projects\opencvstuff\opencvtutorials\opencvtutorials\x64\debug\learningopencv3.obj
e:\learning projects\opencvstuff\opencvtutorials\x64\debug\opencvtutorials.pdb
e:\learning projects\opencvstuff\opencvtutorials\opencvtutorials\x64\debug\opencvtutorials.tlog\cl.command.1.tlog
e:\learning projects\opencvstuff\opencvtutorials\opencvtutorials\x64\debug\opencvtutorials.tlog\cl.read.1.tlog
e:\learning projects\opencvstuff\opencvtutorials\opencvtutorials\x64\debug\opencvtutorials.tlog\cl.write.1.tlog
e:\learning projects\opencvstuff\opencvtutorials\opencvtutorials\x64\debug\opencvtutorials.tlog\link-cvtres.read.1.tlog
e:\learning projects\opencvstuff\opencvtutorials\opencvtutorials\x64\debug\opencvtutorials.tlog\link-cvtres.write.1.tlog
e:\learning projects\opencvstuff\opencvtutorials\opencvtutorials\x64\debug\opencvtutorials.tlog\link-rc.read.1.tlog
e:\learning projects\opencvstuff\opencvtutorials\opencvtutorials\x64\debug\opencvtutorials.tlog\link-rc.write.1.tlog
e:\learning projects\opencvstuff\opencvtutorials\opencvtutorials\x64\debug\opencvtutorials.tlog\link.command.1.tlog
e:\learning projects\opencvstuff\opencvtutorials\opencvtutorials\x64\debug\opencvtutorials.tlog\link.read.1.tlog
e:\learning projects\opencvstuff\opencvtutorials\opencvtutorials\x64\debug\opencvtutorials.tlog\link.write.1.tlog
